<?xml version="1.0" encoding="UTF-8"?>
<testsuite name="Academy Choucair" tests="1" skipped="0" failures="0" errors="0" timestamp="2021-11-22T20:55:39" hostname="VMMLWD12" time="27.126">
  <properties/>
  <testcase name="Search for a automation course" classname="Academy Choucair" time="27.126"/>
  <system-out><![CDATA[]]></system-out>
  <system-err><![CDATA[[Test worker] WARN net.thucydides.core.steps.BaseStepListener - stepStarted: net.thucydides.core.steps.ExecutedStepDescription@1349de24
[Test worker] WARN net.thucydides.core.steps.BaseStepListener - stepStarted: net.thucydides.core.steps.ExecutedStepDescription@7813d606
[Test worker] WARN net.thucydides.core.steps.BaseStepListener - stepStarted: net.thucydides.core.steps.ExecutedStepDescription@645b2e99
Nov 22, 2021 3:55:41 PM org.openqa.selenium.remote.DesiredCapabilities chrome
INFO: Using `new ChromeOptions()` is preferred to `DesiredCapabilities.chrome()`
[Test worker] INFO net.serenitybdd.core.webdriver.driverproviders.ProvideNewDriver - Instantiating driver
[Test worker] INFO net.serenitybdd.core.webdriver.driverproviders.ProvideNewDriver - Driver capabilities: Capabilities {acceptInsecureCerts: false, browserName: chrome, chrome.switches: --start-maximized, goog:chromeOptions: {args: [--start-maximized], extensions: []}, loggingPrefs: org.openqa.selenium.logging..., platform: ANY, version: }
Starting ChromeDriver 95.0.4638.54 (d31a821ec901f68d0d34ccdbaea45b4c86ce543e-refs/branch-heads/4638@{#871}) on port 33385
Only local connections are allowed.
Please see https://chromedriver.chromium.org/security-considerations for suggestions on keeping ChromeDriver safe.
ChromeDriver was started successfully.
[1637614544.336][WARNING]: This version of ChromeDriver has not been tested with Chrome version 96.
Nov 22, 2021 3:55:44 PM org.openqa.selenium.remote.ProtocolHandshake createSession
INFO: Detected dialect: W3C
[Test worker] WARN net.thucydides.core.steps.BaseStepListener - stepFinished: current outcome:Search for a automation course:Given than brandon wants to learn automation at the academy Choucair
| strUser | strPassword |
| 1019054379 | Choucair2021* | [Brandon open up [brandon opens the Chocair academy page]]
[Test worker] WARN net.thucydides.core.steps.BaseStepListener - stepFinished: current outcome:Search for a automation course:Given than brandon wants to learn automation at the academy Choucair
| strUser | strPassword |
| 1019054379 | Choucair2021* | [Brandon open up [brandon opens the Chocair academy page]]
[Test worker] WARN net.thucydides.core.steps.BaseStepListener - stepStarted: net.thucydides.core.steps.ExecutedStepDescription@4441894c
[Test worker] WARN net.thucydides.core.steps.BaseStepListener - stepStarted: net.thucydides.core.steps.ExecutedStepDescription@73710b5e
[Test worker] WARN net.thucydides.core.steps.BaseStepListener - stepFinished: current outcome:Search for a automation course:Given than brandon wants to learn automation at the academy Choucair
| strUser | strPassword |
| 1019054379 | Choucair2021* | [Brandon open up [brandon opens the Chocair academy page], Brandon login [brandon clicks on button that shows us the form to login]]
[Test worker] WARN net.thucydides.core.steps.BaseStepListener - stepStarted: net.thucydides.core.steps.ExecutedStepDescription@2095be43
[Test worker] WARN net.thucydides.core.steps.BaseStepListener - stepFinished: current outcome:Search for a automation course:Given than brandon wants to learn automation at the academy Choucair
| strUser | strPassword |
| 1019054379 | Choucair2021* | [Brandon open up [brandon opens the Chocair academy page], Brandon login [brandon clicks on button that shows us the form to login, brandon enters '1019054379' into where do we write the user]]
[Test worker] WARN net.thucydides.core.steps.BaseStepListener - stepStarted: net.thucydides.core.steps.ExecutedStepDescription@322c7620
[Test worker] WARN net.thucydides.core.steps.BaseStepListener - stepFinished: current outcome:Search for a automation course:Given than brandon wants to learn automation at the academy Choucair
| strUser | strPassword |
| 1019054379 | Choucair2021* | [Brandon open up [brandon opens the Chocair academy page], Brandon login [brandon clicks on button that shows us the form to login, brandon enters '1019054379' into where do we write the user, brandon enters 'Choucair2021*' into where do we write the password]]
[Test worker] WARN net.thucydides.core.steps.BaseStepListener - stepStarted: net.thucydides.core.steps.ExecutedStepDescription@522e9d51
[Test worker] WARN net.thucydides.core.steps.BaseStepListener - stepFinished: current outcome:Search for a automation course:Given than brandon wants to learn automation at the academy Choucair
| strUser | strPassword |
| 1019054379 | Choucair2021* | [Brandon open up [brandon opens the Chocair academy page], Brandon login [brandon clicks on button that shows us the form to login, brandon enters '1019054379' into where do we write the user, brandon enters 'Choucair2021*' into where do we write the password, brandon clicks on button to confirm login]]
[Test worker] WARN net.thucydides.core.steps.BaseStepListener - stepFinished: current outcome:Search for a automation course:Given than brandon wants to learn automation at the academy Choucair
| strUser | strPassword |
| 1019054379 | Choucair2021* | [Brandon open up [brandon opens the Chocair academy page], Brandon login [brandon clicks on button that shows us the form to login, brandon enters '1019054379' into where do we write the user, brandon enters 'Choucair2021*' into where do we write the password, brandon clicks on button to confirm login]]
[Test worker] WARN net.thucydides.core.steps.BaseStepListener - stepFinished: current outcome:Search for a automation course:Given than brandon wants to learn automation at the academy Choucair
| strUser | strPassword |
| 1019054379 | Choucair2021* | [Brandon open up [brandon opens the Chocair academy page], Brandon login [brandon clicks on button that shows us the form to login, brandon enters '1019054379' into where do we write the user, brandon enters 'Choucair2021*' into where do we write the password, brandon clicks on button to confirm login]]
[Test worker] WARN net.thucydides.core.steps.BaseStepListener - stepStarted: net.thucydides.core.steps.ExecutedStepDescription@4533d411
[Test worker] WARN net.thucydides.core.steps.BaseStepListener - stepStarted: net.thucydides.core.steps.ExecutedStepDescription@6d8fa30e
[Test worker] WARN net.thucydides.core.steps.BaseStepListener - stepStarted: net.thucydides.core.steps.ExecutedStepDescription@42cd657e
[Test worker] WARN net.thucydides.core.steps.BaseStepListener - stepFinished: current outcome:Search for a automation course:Given than brandon wants to learn automation at the academy Choucair
| strUser | strPassword |
| 1019054379 | Choucair2021* | [Brandon open up [brandon opens the Chocair academy page], Brandon login [brandon clicks on button that shows us the form to login, brandon enters '1019054379' into where do we write the user, brandon enters 'Choucair2021*' into where do we write the password, brandon clicks on button to confirm login]], When he search for the course on the choucair academy platform
| strCourse |
| Patrones de Automatización | [Brandon search [brandon clicks on seleccionar curos y certificaciones]]
[Test worker] WARN net.thucydides.core.steps.BaseStepListener - stepStarted: net.thucydides.core.steps.ExecutedStepDescription@274cb1fd
[Test worker] WARN net.thucydides.core.steps.BaseStepListener - stepFinished: current outcome:Search for a automation course:Given than brandon wants to learn automation at the academy Choucair
| strUser | strPassword |
| 1019054379 | Choucair2021* | [Brandon open up [brandon opens the Chocair academy page], Brandon login [brandon clicks on button that shows us the form to login, brandon enters '1019054379' into where do we write the user, brandon enters 'Choucair2021*' into where do we write the password, brandon clicks on button to confirm login]], When he search for the course on the choucair academy platform
| strCourse |
| Patrones de Automatización | [Brandon search [brandon clicks on seleccionar curos y certificaciones, brandon enters 'Patrones de Automatización' into buscar curso]]
[Test worker] WARN net.thucydides.core.steps.BaseStepListener - stepStarted: net.thucydides.core.steps.ExecutedStepDescription@1cda3ee9
[Test worker] WARN net.thucydides.core.steps.BaseStepListener - stepFinished: current outcome:Search for a automation course:Given than brandon wants to learn automation at the academy Choucair
| strUser | strPassword |
| 1019054379 | Choucair2021* | [Brandon open up [brandon opens the Chocair academy page], Brandon login [brandon clicks on button that shows us the form to login, brandon enters '1019054379' into where do we write the user, brandon enters 'Choucair2021*' into where do we write the password, brandon clicks on button to confirm login]], When he search for the course on the choucair academy platform
| strCourse |
| Patrones de Automatización | [Brandon search [brandon clicks on seleccionar curos y certificaciones, brandon enters 'Patrones de Automatización' into buscar curso, brandon clicks on da click para buscar el curso]]
[Test worker] WARN net.thucydides.core.steps.BaseStepListener - stepStarted: net.thucydides.core.steps.ExecutedStepDescription@713401b7
[Test worker] WARN net.thucydides.core.steps.BaseStepListener - stepFinished: current outcome:Search for a automation course:Given than brandon wants to learn automation at the academy Choucair
| strUser | strPassword |
| 1019054379 | Choucair2021* | [Brandon open up [brandon opens the Chocair academy page], Brandon login [brandon clicks on button that shows us the form to login, brandon enters '1019054379' into where do we write the user, brandon enters 'Choucair2021*' into where do we write the password, brandon clicks on button to confirm login]], When he search for the course on the choucair academy platform
| strCourse |
| Patrones de Automatización | [Brandon search [brandon clicks on seleccionar curos y certificaciones, brandon enters 'Patrones de Automatización' into buscar curso, brandon clicks on da click para buscar el curso, brandon clicks on da click para seleccionar el curso]]
[Test worker] WARN net.thucydides.core.steps.BaseStepListener - stepFinished: current outcome:Search for a automation course:Given than brandon wants to learn automation at the academy Choucair
| strUser | strPassword |
| 1019054379 | Choucair2021* | [Brandon open up [brandon opens the Chocair academy page], Brandon login [brandon clicks on button that shows us the form to login, brandon enters '1019054379' into where do we write the user, brandon enters 'Choucair2021*' into where do we write the password, brandon clicks on button to confirm login]], When he search for the course on the choucair academy platform
| strCourse |
| Patrones de Automatización | [Brandon search [brandon clicks on seleccionar curos y certificaciones, brandon enters 'Patrones de Automatización' into buscar curso, brandon clicks on da click para buscar el curso, brandon clicks on da click para seleccionar el curso]]
[Test worker] WARN net.thucydides.core.steps.BaseStepListener - stepFinished: current outcome:Search for a automation course:Given than brandon wants to learn automation at the academy Choucair
| strUser | strPassword |
| 1019054379 | Choucair2021* | [Brandon open up [brandon opens the Chocair academy page], Brandon login [brandon clicks on button that shows us the form to login, brandon enters '1019054379' into where do we write the user, brandon enters 'Choucair2021*' into where do we write the password, brandon clicks on button to confirm login]], When he search for the course on the choucair academy platform
| strCourse |
| Patrones de Automatización | [Brandon search [brandon clicks on seleccionar curos y certificaciones, brandon enters 'Patrones de Automatización' into buscar curso, brandon clicks on da click para buscar el curso, brandon clicks on da click para seleccionar el curso]]
[Test worker] WARN net.thucydides.core.steps.BaseStepListener - stepStarted: net.thucydides.core.steps.ExecutedStepDescription@285f9d8b
[Test worker] WARN net.thucydides.core.steps.BaseStepListener - stepStarted: net.thucydides.core.steps.ExecutedStepDescription@55892f1
[Test worker] WARN net.thucydides.core.steps.BaseStepListener - stepFinished: current outcome:Search for a automation course:Given than brandon wants to learn automation at the academy Choucair
| strUser | strPassword |
| 1019054379 | Choucair2021* | [Brandon open up [brandon opens the Chocair academy page], Brandon login [brandon clicks on button that shows us the form to login, brandon enters '1019054379' into where do we write the user, brandon enters 'Choucair2021*' into where do we write the password, brandon clicks on button to confirm login]], When he search for the course on the choucair academy platform
| strCourse |
| Patrones de Automatización | [Brandon search [brandon clicks on seleccionar curos y certificaciones, brandon enters 'Patrones de Automatización' into buscar curso, brandon clicks on da click para buscar el curso, brandon clicks on da click para seleccionar el curso]], Then he finds the course called
| strCourse |
| Patrones de Automatización | [Then answer]
[Test worker] WARN net.thucydides.core.steps.BaseStepListener - stepFinished: current outcome:Search for a automation course:Given than brandon wants to learn automation at the academy Choucair
| strUser | strPassword |
| 1019054379 | Choucair2021* | [Brandon open up [brandon opens the Chocair academy page], Brandon login [brandon clicks on button that shows us the form to login, brandon enters '1019054379' into where do we write the user, brandon enters 'Choucair2021*' into where do we write the password, brandon clicks on button to confirm login]], When he search for the course on the choucair academy platform
| strCourse |
| Patrones de Automatización | [Brandon search [brandon clicks on seleccionar curos y certificaciones, brandon enters 'Patrones de Automatización' into buscar curso, brandon clicks on da click para buscar el curso, brandon clicks on da click para seleccionar el curso]], Then he finds the course called
| strCourse |
| Patrones de Automatización | [Then answer]
[Test worker] WARN net.thucydides.core.steps.BaseStepListener - testFinished: Search for a automation course:Given than brandon wants to learn automation at the academy Choucair
| strUser | strPassword |
| 1019054379 | Choucair2021* | [Brandon open up [brandon opens the Chocair academy page], Brandon login [brandon clicks on button that shows us the form to login, brandon enters '1019054379' into where do we write the user, brandon enters 'Choucair2021*' into where do we write the password, brandon clicks on button to confirm login]], When he search for the course on the choucair academy platform
| strCourse |
| Patrones de Automatización | [Brandon search [brandon clicks on seleccionar curos y certificaciones, brandon enters 'Patrones de Automatización' into buscar curso, brandon clicks on da click para buscar el curso, brandon clicks on da click para seleccionar el curso]], Then he finds the course called
| strCourse |
| Patrones de Automatización | [Then answer]
[Test worker] WARN net.thucydides.core.steps.BaseStepListener - TestOutcomes: [Search for a automation course:Given than brandon wants to learn automation at the academy Choucair
| strUser | strPassword |
| 1019054379 | Choucair2021* | [Brandon open up [brandon opens the Chocair academy page], Brandon login [brandon clicks on button that shows us the form to login, brandon enters '1019054379' into where do we write the user, brandon enters 'Choucair2021*' into where do we write the password, brandon clicks on button to confirm login]], When he search for the course on the choucair academy platform
| strCourse |
| Patrones de Automatización | [Brandon search [brandon clicks on seleccionar curos y certificaciones, brandon enters 'Patrones de Automatización' into buscar curso, brandon clicks on da click para buscar el curso, brandon clicks on da click para seleccionar el curso]], Then he finds the course called
| strCourse |
| Patrones de Automatización | [Then answer]]
[Test worker] WARN net.thucydides.core.steps.BaseStepListener - Final testOutcomes: [Search for a automation course:Given than brandon wants to learn automation at the academy Choucair
| strUser | strPassword |
| 1019054379 | Choucair2021* | [Brandon open up [brandon opens the Chocair academy page], Brandon login [brandon clicks on button that shows us the form to login, brandon enters '1019054379' into where do we write the user, brandon enters 'Choucair2021*' into where do we write the password, brandon clicks on button to confirm login]], When he search for the course on the choucair academy platform
| strCourse |
| Patrones de Automatización | [Brandon search [brandon clicks on seleccionar curos y certificaciones, brandon enters 'Patrones de Automatización' into buscar curso, brandon clicks on da click para buscar el curso, brandon clicks on da click para seleccionar el curso]], Then he finds the course called
| strCourse |
| Patrones de Automatización | [Then answer]]
[Test worker] INFO net.thucydides.core.steps.ConsoleLoggingListener - 
        __    _____ _____ ____ _____   ____   _    ____  ____  _____ ____  
  _     \ \  |_   _| ____/ ___|_   _| |  _ \ / \  / ___|/ ___|| ____|  _ \ 
 (_)_____| |   | | |  _| \___ \ | |   | |_) / _ \ \___ \\___ \|  _| | | | |
  _|_____| |   | | | |___ ___) || |   |  __/ ___ \ ___) |___) | |___| |_| |
 (_)     | |   |_| |_____|____/ |_|   |_| /_/   \_\____/|____/|_____|____/ 
        /_/                                                                

TEST PASSED: Search for a automation course
----------------------------------------------------------------------------
]]></system-err>
</testsuite>
